2016 7 16 16:45:40 lc     login   
2016 7 16 16:45:45 lc     ls       /home/lc/server/base/lc       
2016 7 16 16:45:48 lc     cd       /home/lc/server/base/lc/docs  
2016 7 16 16:45:49 lc     ls       /home/lc/server/base/lc/docs  
2016 7 16 16:45:50 lc     pwd      /home/lc/server/base/lc/docs  
2016 7 16 16:45:52 lc     cd       /home/lc/server/base/lc       
2016 7 16 17:09:11 lc     login   
2016 7 16 17:09:13 lc     ls       /home/lc/server/base/lc       
2016 7 16 17:09:21 lc     gets     hello.avi                     
2016 7 16 17:09:49 lc     login   
2016 7 16 17:09:50 lc     ls       /home/lc/server/base/lc       
2016 7 16 17:09:59 lc     gets     hello.avi                     
2016 7 16 17:10:13 lc     login   
2016 7 16 17:10:15 lc     ls       /home/lc/server/base/lc       
2016 7 16 17:10:39 lc     ls       /home/lc/server/base/lc       
2016 7 16 17:15:55 lc     login   
2016 7 16 17:16:19 lc     gets     hello.avi                     
2016 7 16 17:16:46 lc     login   
2016 7 16 17:16:51 lc     ls       /home/lc/server/base/lc       
2016 7 16 17:17:12 lc     gets     hello.avi                     
2016 7 16 19:09:11 lc     login   
2016 7 16 19:09:12 lc     ls       /home/lc/server/base/lc       
2016 7 16 19:09:16 lc     cd       /home/lc/server/base/lc/docs  
2016 7 16 19:09:19 lc     cd       /home/lc/server/base/lc/docs  
2016 7 16 19:09:22 lc     ls       /home/lc/server/base/lc/docs  
2016 7 16 19:09:25 lc     pwd      /home/lc/server/base/lc/docs  
2016 7 16 19:43:06 lc     login   
2016 7 16 19:44:58 lc     login   
2016 7 16 19:44:59 lc     ls       /home/lc/server/base/lc       
2016 7 16 19:45:02 lc     ls       /home/lc/server/base/lc       
2016 7 16 19:45:18 lc     gets     hello.avi                     
2016 7 16 19:45:28 lc     ls       /home/lc/server/base/lc       
2016 7 16 20:06:25 lc     login   
2016 7 16 20:06:28 lc     ls       /home/lc/server/base/lc       
2016 7 16 20:06:46 lc     gets     hello.avi                     
2016 7 16 20:07:03 lc     login   
2016 7 16 20:07:08 lc     ls       /home/lc/server/base/lc       
2016 7 16 20:07:18 lc     gets     hello.avi                     
2016 7 16 20:07:35 lc     login   
2016 7 16 21:51:18 lc     login   
2016 7 16 21:51:20 lc     ls       /home/lc/server/base/lc       
2016 7 16 21:51:30 lc     gets     hello.c                       
2016 7 16 21:52:01 lc     login   
2016 7 16 21:52:11 lc     gets     hello.avi                     
2016 7 16 21:53:54 lc     login   
2016 7 16 21:54:16 lc     login   
2016 7 16 21:54:25 lc     gets     hello.avi                     
2016 7 16 21:54:29 lc     ls       /home/lc/server/base/lc       
2016 7 16 21:54:34 lc     cd       /home/lc/server/base/lc/docs  
2016 7 16 21:54:37 lc     pwd      /home/lc/server/base/lc/docs  
2016 7 16 21:54:40 lc     cd       /home/lc/server/base/lc       
2016 7 16 21:54:41 lc     ls       /home/lc/server/base/lc       
2016 7 16 21:54:43 lc     cd       /home/lc/server/base/lc       
2016 7 16 22:13:02 lc     login   
2016 7 16 22:13:04 lc     ls       /home/lc/server/base/lc       
2016 7 16 22:13:14 lc     mkdir    videos                        
2016 7 16 22:13:15 lc     ls       /home/lc/server/base/lc       
2016 7 16 22:13:21 lc     cd       /home/lc/server/base/lc/videos
2016 7 16 22:13:22 lc     ls       /home/lc/server/base/lc/videos
2016 7 16 22:13:25 lc     cd       /home/lc/server/base/lc       
2016 7 16 22:13:27 lc     ls       /home/lc/server/base/lc       
2016 7 16 22:16:07 lc     login   
2016 7 16 22:16:09 lc     ls       /home/lc/server/base/lc       
2016 7 16 22:16:22 lc     remv     videos                        
2016 7 16 22:16:23 lc     ls       /home/lc/server/base/lc       
2016 7 16 22:16:52 lc     remv     hello.avi                     
2016 7 16 22:17:03 lc     puts     hello.avi                     
2016 7 16 22:17:09 lc     ls       /home/lc/server/base/lc       
2016 7 16 22:18:47 lc     login   
2016 7 16 22:18:48 lc     ls       /home/lc/server/base/lc       
2016 7 16 23:12:01 lc     login   
2016 7 16 23:12:02 lc     ls       /home/lc/server/base/lc       
2016 7 16 23:13:52 lc     ls       /home/lc/server/base/lc       
2016 7 16 23:13:57 lc     cd       /home/lc/server/base/lc/docs  
2016 7 16 23:14:15 lc     puts     main.c                        
2016 7 16 23:14:17 lc     ls       /home/lc/server/base/lc/docs  
